<?xml version="1.0" encoding="UTF-8"?>
<testsuite name="com.monotonic.collections._3_lists.after.ShipmentTest" tests="1" skipped="0" failures="0" errors="0" timestamp="2021-11-24T18:11:57" hostname="Christians-MacBook-Pro.local" time="0.01">
  <properties/>
  <testcase name="shouldReplaceItems" classname="com.monotonic.collections._3_lists.after.ShipmentTest" time="0.01"/>
  <system-out><![CDATA[]]></system-out>
  <system-err><![CDATA[]]></system-err>
</testsuite>
